<?xml version="1.0" encoding="UTF-8"?>
<!-- Generated by org.testng.reporters.JUnitXMLReporter -->
<testsuite ignored="0" hostname="EC2AMAZ-S11DBRH" failures="0" tests="4" name="ModuleTest" time="0.069" errors="0" timestamp="2023-07-18T07:42:51 GMT">
  <testcase classname="ParallelExecution.Sampletwo" name="five" time="0.013"/>
  <testcase classname="ParallelExecution.Sample1" name="one" time="0.013"/>
  <testcase classname="ParallelExecution.Sampletwo" name="six" time="0.007"/>
  <testcase classname="ParallelExecution.Sample1" name="two" time="0.003"/>
</testsuite> <!-- ModuleTest -->
