<?xml version="1.0" encoding="UTF-8"?>
<testng-results ignored="0" total="7" passed="7" failed="0" skipped="0">
  <reporter-output>
  </reporter-output>
  <suite started-at="2023-07-18T07:59:36 GMT" name="Default suite" finished-at="2023-07-18T07:59:36 GMT" duration-ms="103">
    <groups>
    </groups>
    <test started-at="2023-07-18T07:59:36 GMT" name="Default test" finished-at="2023-07-18T07:59:36 GMT" duration-ms="103">
      <class name="ParallelExecution.Sampletwo">
        <test-method signature="five()[pri:0, instance:ParallelExecution.Sampletwo@3e84448c]" started-at="2023-07-18T07:59:36 GMT" name="five" finished-at="2023-07-18T07:59:36 GMT" duration-ms="16" status="PASS">
          <reporter-output>
          </reporter-output>
        </test-method> <!-- five -->
        <test-method signature="five()[pri:0, instance:ParallelExecution.Sampletwo@3e84448c]" started-at="2023-07-18T07:59:36 GMT" name="five" finished-at="2023-07-18T07:59:36 GMT" duration-ms="16" status="PASS">
          <reporter-output>
          </reporter-output>
        </test-method> <!-- five -->
        <test-method signature="five()[pri:0, instance:ParallelExecution.Sampletwo@3e84448c]" started-at="2023-07-18T07:59:36 GMT" name="five" finished-at="2023-07-18T07:59:36 GMT" duration-ms="16" status="PASS">
          <reporter-output>
          </reporter-output>
        </test-method> <!-- five -->
        <test-method signature="five()[pri:0, instance:ParallelExecution.Sampletwo@3e84448c]" started-at="2023-07-18T07:59:36 GMT" name="five" finished-at="2023-07-18T07:59:36 GMT" duration-ms="7" status="PASS">
          <reporter-output>
          </reporter-output>
        </test-method> <!-- five -->
        <test-method signature="five()[pri:0, instance:ParallelExecution.Sampletwo@3e84448c]" started-at="2023-07-18T07:59:36 GMT" name="five" finished-at="2023-07-18T07:59:36 GMT" duration-ms="6" status="PASS">
          <reporter-output>
          </reporter-output>
        </test-method> <!-- five -->
        <test-method signature="five()[pri:0, instance:ParallelExecution.Sampletwo@3e84448c]" started-at="2023-07-18T07:59:36 GMT" name="five" finished-at="2023-07-18T07:59:36 GMT" duration-ms="8" status="PASS">
          <reporter-output>
          </reporter-output>
        </test-method> <!-- five -->
        <test-method signature="six()[pri:0, instance:ParallelExecution.Sampletwo@3e84448c]" started-at="2023-07-18T07:59:36 GMT" name="six" finished-at="2023-07-18T07:59:36 GMT" duration-ms="2" status="PASS">
          <reporter-output>
          </reporter-output>
        </test-method> <!-- six -->
      </class> <!-- ParallelExecution.Sampletwo -->
    </test> <!-- Default test -->
  </suite> <!-- Default suite -->
</testng-results>
