<?xml version="1.0" encoding="UTF-8"?>
<testng-results ignored="0" total="4" passed="4" failed="0" skipped="0">
  <reporter-output>
  </reporter-output>
  <suite started-at="2023-07-18T07:42:51 GMT" name="Suite" finished-at="2023-07-18T07:42:51 GMT" duration-ms="69">
    <groups>
    </groups>
    <test started-at="2023-07-18T07:42:51 GMT" name="ModuleTest" finished-at="2023-07-18T07:42:51 GMT" duration-ms="69">
      <class name="ParallelExecution.Sampletwo">
        <test-method signature="five()[pri:0, instance:ParallelExecution.Sampletwo@4efc180e]" started-at="2023-07-18T07:42:51 GMT" name="five" finished-at="2023-07-18T07:42:51 GMT" duration-ms="13" status="PASS">
          <reporter-output>
          </reporter-output>
        </test-method> <!-- five -->
        <test-method signature="six()[pri:0, instance:ParallelExecution.Sampletwo@4efc180e]" started-at="2023-07-18T07:42:51 GMT" name="six" finished-at="2023-07-18T07:42:51 GMT" duration-ms="7" status="PASS">
          <reporter-output>
          </reporter-output>
        </test-method> <!-- six -->
      </class> <!-- ParallelExecution.Sampletwo -->
      <class name="ParallelExecution.Sample1">
        <test-method signature="one()[pri:0, instance:ParallelExecution.Sample1@5403f35f]" started-at="2023-07-18T07:42:51 GMT" name="one" finished-at="2023-07-18T07:42:51 GMT" duration-ms="13" status="PASS">
          <reporter-output>
          </reporter-output>
        </test-method> <!-- one -->
        <test-method signature="two()[pri:0, instance:ParallelExecution.Sample1@5403f35f]" started-at="2023-07-18T07:42:51 GMT" name="two" finished-at="2023-07-18T07:42:51 GMT" duration-ms="3" status="PASS">
          <reporter-output>
          </reporter-output>
        </test-method> <!-- two -->
      </class> <!-- ParallelExecution.Sample1 -->
    </test> <!-- ModuleTest -->
  </suite> <!-- Suite -->
</testng-results>
